2023-08-04 14:13:44,273.continuous_stock.INFO =============================================================
2023-08-04 14:13:44,273.continuous_stock.INFO Today is 2023-08-04 at 02:13 PM
2023-08-04 14:13:44,273.continuous_stock.INFO This file is running on: nt Windows 10
2023-08-04 14:13:44,273.continuous_stock.INFO The Python version is: 3.11.3
2023-08-04 14:13:44,273.continuous_stock.INFO The active environment path is:   C:\Users\cjack\Documents\GitHub\continuous-intel\cintel-05-live-updates\.venv
2023-08-04 14:13:44,278.continuous_stock.INFO The current working directory is: C:\Users\cjack\Documents\GitHub\continuous-intel\cintel-05-live-updates
2023-08-04 14:13:44,278.continuous_stock.INFO =============================================================
2023-08-04 14:13:56,735.continuous_stock.INFO Calling update_csv_stock
2023-08-04 14:13:56,736.continuous_stock.INFO update_interval: 60
2023-08-04 14:13:56,736.continuous_stock.INFO total_runtime: 900
2023-08-04 14:13:56,736.continuous_stock.INFO num_updates: 10
2023-08-04 14:13:56,736.continuous_stock.INFO Initialized csv file at C:\Users\cjack\Documents\GitHub\continuous-intel\cintel-05-live-updates\data\mtcars_stock.csv
2023-08-04 14:13:56,737.continuous_stock.INFO Calling get_stock_price for {ticker}}
2023-08-04 14:13:56,737.continuous_stock.INFO Calling yf_url to for: https://query1.finance.yahoo.com/v7/finance/options/TSLA
2023-08-04 14:13:57,086.continuous_stock.INFO Data for TSLA: <fetch.HttpResponse object at 0x000001F92B4DED50>
2023-08-04 14:13:57,087.continuous_stock.INFO Calling get_stock_price for {ticker}}
2023-08-04 14:13:57,087.continuous_stock.INFO Calling yf_url to for: https://query1.finance.yahoo.com/v7/finance/options/GM
2023-08-04 14:13:57,421.continuous_stock.INFO Data for GM: <fetch.HttpResponse object at 0x000001F92B4CF390>
2023-08-04 14:13:57,421.continuous_stock.INFO Calling get_stock_price for {ticker}}
2023-08-04 14:13:57,421.continuous_stock.INFO Calling yf_url to for: https://query1.finance.yahoo.com/v7/finance/options/TM
2023-08-04 14:13:57,650.continuous_stock.INFO Data for TM: <fetch.HttpResponse object at 0x000001F92B466F90>
2023-08-04 14:13:57,651.continuous_stock.INFO Calling get_stock_price for {ticker}}
2023-08-04 14:13:57,651.continuous_stock.INFO Calling yf_url to for: https://query1.finance.yahoo.com/v7/finance/options/F
2023-08-04 14:13:57,948.continuous_stock.INFO Data for F: <fetch.HttpResponse object at 0x000001F92B4CEC10>
2023-08-04 14:13:57,948.continuous_stock.INFO Calling get_stock_price for {ticker}}
2023-08-04 14:13:57,948.continuous_stock.INFO Calling yf_url to for: https://query1.finance.yahoo.com/v7/finance/options/HMC
2023-08-04 14:13:58,172.continuous_stock.INFO Data for HMC: <fetch.HttpResponse object at 0x000001F92B200210>
2023-08-04 14:13:58,172.continuous_stock.INFO Calling get_stock_price for {ticker}}
2023-08-04 14:13:58,172.continuous_stock.INFO Calling yf_url to for: https://query1.finance.yahoo.com/v7/finance/options/GME
2023-08-04 14:13:58,527.continuous_stock.INFO Data for GME: <fetch.HttpResponse object at 0x000001F92B4CF850>
2023-08-04 14:13:58,529.continuous_stock.INFO Saving prices to C:\Users\cjack\Documents\GitHub\continuous-intel\cintel-05-live-updates\data\mtcars_stock.csv
