2023-08-02 14:19:53,493.continuous_location.INFO =============================================================
2023-08-02 14:19:53,493.continuous_location.INFO Today is 2023-08-02 at 02:19 PM
2023-08-02 14:19:53,493.continuous_location.INFO This file is running on: nt Windows 10
2023-08-02 14:19:53,493.continuous_location.INFO The Python version is: 3.11.3
2023-08-02 14:19:53,500.continuous_location.INFO The active environment path is:   C:\Users\cjack\Documents\GitHub\continuous-intel\cintel-05-live-updates\.venv
2023-08-02 14:19:53,500.continuous_location.INFO The current working directory is: C:\Users\cjack\Documents\GitHub\continuous-intel\cintel-05-live-updates
2023-08-02 14:19:53,500.continuous_location.INFO =============================================================
2023-08-02 14:20:49,817.continuous_location.INFO Calling update_csv_location
2023-08-02 14:20:49,817.continuous_location.INFO update_interval: 60
2023-08-02 14:20:49,817.continuous_location.INFO total_runtime: 900
2023-08-02 14:20:49,818.continuous_location.INFO num_updates: 10
2023-08-02 14:20:49,818.continuous_location.INFO Initialized csv file at C:\Users\cjack\Documents\GitHub\continuous-intel\cintel-05-live-updates\data\mtcars_location.csv
2023-08-02 14:20:49,818.continuous_location.INFO Calling get_temperature_from_openweathermap for {lat}, {long}}
2023-08-02 14:20:49,819.continuous_location.INFO Calling fetch_from_url for https://api.openweathermap.org/data/2.5/weather?lat=47.903237&lon=-91.867087&appid=67002f8412be00547f0d70b79e2654c6&units=imperial
2023-08-02 14:20:49,820.continuous_location.INFO Calling get_temperature_from_openweathermap for {lat}, {long}}
2023-08-02 14:20:49,820.continuous_location.INFO Calling fetch_from_url for https://api.openweathermap.org/data/2.5/weather?lat=36.5323&lon=-116.93&appid=67002f8412be00547f0d70b79e2654c6&units=imperial
2023-08-02 14:20:49,821.continuous_location.INFO Calling get_temperature_from_openweathermap for {lat}, {long}}
2023-08-02 14:20:49,821.continuous_location.INFO Calling fetch_from_url for https://api.openweathermap.org/data/2.5/weather?lat=40.346102&lon=-94.872471&appid=67002f8412be00547f0d70b79e2654c6&units=imperial
2023-08-02 14:20:49,833.continuous_location.INFO Saving temperatures to C:\Users\cjack\Documents\GitHub\continuous-intel\cintel-05-live-updates\data\mtcars_location.csv
2023-08-02 14:20:52,400.continuous_location.INFO Calling update_csv_location
2023-08-02 14:20:52,402.continuous_location.INFO update_interval: 60
2023-08-02 14:20:52,402.continuous_location.INFO total_runtime: 900
2023-08-02 14:20:52,403.continuous_location.INFO num_updates: 10
2023-08-02 14:20:52,403.continuous_location.INFO Initialized csv file at C:\Users\cjack\Documents\GitHub\continuous-intel\cintel-05-live-updates\data\mtcars_location.csv
2023-08-02 14:20:52,404.continuous_location.INFO Calling get_temperature_from_openweathermap for {lat}, {long}}
2023-08-02 14:20:52,405.continuous_location.INFO Calling fetch_from_url for https://api.openweathermap.org/data/2.5/weather?lat=47.903237&lon=-91.867087&appid=67002f8412be00547f0d70b79e2654c6&units=imperial
2023-08-02 14:20:52,406.continuous_location.INFO Calling get_temperature_from_openweathermap for {lat}, {long}}
2023-08-02 14:20:52,407.continuous_location.INFO Calling fetch_from_url for https://api.openweathermap.org/data/2.5/weather?lat=36.5323&lon=-116.93&appid=67002f8412be00547f0d70b79e2654c6&units=imperial
2023-08-02 14:20:52,407.continuous_location.INFO Calling get_temperature_from_openweathermap for {lat}, {long}}
2023-08-02 14:20:52,408.continuous_location.INFO Calling fetch_from_url for https://api.openweathermap.org/data/2.5/weather?lat=40.346102&lon=-94.872471&appid=67002f8412be00547f0d70b79e2654c6&units=imperial
2023-08-02 14:20:52,411.continuous_location.INFO Saving temperatures to C:\Users\cjack\Documents\GitHub\continuous-intel\cintel-05-live-updates\data\mtcars_location.csv
